  Invaders.cpp
D:\Desktop\Invaders\Invaders\Invaders\Bullet.h(23,27): warning C4244: 'argument': conversion from 'T' to 'T', possible loss of data
          with
          [
              T=unsigned int
          ]
          and
          [
              T=float
          ]
D:\Desktop\Invaders\Invaders\Invaders\Bullet.h(22,27): warning C4244: 'argument': conversion from 'T' to 'T', possible loss of data
          with
          [
              T=unsigned int
          ]
          and
          [
              T=float
          ]
D:\Desktop\Invaders\Invaders\Invaders\Player.h(39,23): warning C4244: 'argument': conversion from 'T' to 'T', possible loss of data
          with
          [
              T=unsigned int
          ]
          and
          [
              T=float
          ]
D:\Desktop\Invaders\Invaders\Invaders\Player.h(38,26): warning C4244: 'argument': conversion from 'T' to 'T', possible loss of data
          with
          [
              T=unsigned int
          ]
          and
          [
              T=float
          ]
D:\Desktop\Invaders\Invaders\Invaders\Player.h(88,41): warning C4244: 'argument': conversion from 'unsigned int' to 'float', possible loss of data
D:\Desktop\Invaders\Invaders\Invaders\Player.h(88,37): warning C4244: 'argument': conversion from 'int' to 'float', possible loss of data
D:\Desktop\Invaders\Invaders\Invaders\Player.h(98,20): warning C4244: '-=': conversion from 'float' to 'unsigned int', possible loss of data
D:\Desktop\Invaders\Invaders\Invaders\Enemy.h(38,27): warning C4244: 'argument': conversion from 'T' to 'T', possible loss of data
          with
          [
              T=unsigned int
          ]
          and
          [
              T=float
          ]
D:\Desktop\Invaders\Invaders\Invaders\Enemy.h(37,27): warning C4244: 'argument': conversion from 'T' to 'T', possible loss of data
          with
          [
              T=unsigned int
          ]
          and
          [
              T=float
          ]
D:\Desktop\Invaders\Invaders\Invaders\Enemy.h(75,41): warning C4244: 'argument': conversion from 'unsigned int' to 'float', possible loss of data
D:\Desktop\Invaders\Invaders\Invaders\Enemy.h(75,37): warning C4244: 'argument': conversion from 'int' to 'float', possible loss of data
D:\Desktop\Invaders\Invaders\Invaders\Enemy.h(85,21): warning C4244: '-=': conversion from 'float' to 'unsigned int', possible loss of data
D:\Desktop\Invaders\Invaders\Invaders\Invaders.cpp(41,33): warning C4244: 'argument': conversion from 'T' to 'float', possible loss of data
          with
          [
              T=unsigned int
          ]
D:\Desktop\Invaders\Invaders\Invaders\Invaders.cpp(40,33): warning C4244: 'argument': conversion from 'T' to 'float', possible loss of data
          with
          [
              T=unsigned int
          ]
D:\Desktop\Invaders\Invaders\Invaders\Invaders.cpp(45,43): warning C4244: 'argument': conversion from 'int' to 'float', possible loss of data
D:\Desktop\Invaders\Invaders\Invaders\Invaders.cpp(45,31): warning C4244: 'argument': conversion from 'int' to 'float', possible loss of data
D:\Desktop\Invaders\Invaders\Invaders\Invaders.cpp(46,30): warning C4305: 'argument': truncation from 'double' to 'float'
D:\Desktop\Invaders\Invaders\Invaders\Invaders.cpp(59,11): warning C4244: 'argument': conversion from 'int' to 'T', possible loss of data
          with
          [
              T=float
          ]
D:\Desktop\Invaders\Invaders\Invaders\Invaders.cpp(58,10): warning C4244: 'argument': conversion from 'int' to 'T', possible loss of data
          with
          [
              T=float
          ]
D:\Desktop\Invaders\Invaders\Invaders\Invaders.cpp(105,16): warning C4244: 'initializing': conversion from 'int' to 'float', possible loss of data
Invaders.obj : error LNK2001: unresolved external symbol "__declspec(dllimport) public: void __cdecl sf::SoundSource::setVolume(float)" (__imp_?setVolume@SoundSource@sf@@QEAAXM@Z)
Invaders.obj : error LNK2001: unresolved external symbol "__declspec(dllimport) public: bool __cdecl sf::Music::openFromFile(class std::basic_string<char,struct std::char_traits<char>,class std::allocator<char> > const &)" (__imp_?openFromFile@Music@sf@@QEAA_NAEBV?$basic_string@DU?$char_traits@D@std@@V?$allocator@D@2@@std@@@Z)
Invaders.obj : error LNK2001: unresolved external symbol "__declspec(dllimport) public: virtual __cdecl sf::Music::~Music(void)" (__imp_??1Music@sf@@UEAA@XZ)
Invaders.obj : error LNK2001: unresolved external symbol "__declspec(dllimport) public: __cdecl sf::Music::Music(void)" (__imp_??0Music@sf@@QEAA@XZ)
Invaders.obj : error LNK2001: unresolved external symbol "__declspec(dllimport) public: void __cdecl sf::SoundStream::setLoop(bool)" (__imp_?setLoop@SoundStream@sf@@QEAAX_N@Z)
Invaders.obj : error LNK2001: unresolved external symbol "__declspec(dllimport) public: virtual void __cdecl sf::SoundStream::play(void)" (__imp_?play@SoundStream@sf@@UEAAXXZ)
D:\Desktop\Invaders\Invaders\x64\Release\Invaders.exe : fatal error LNK1120: 6 unresolved externals
