  Invaders.cpp
C:\Users\agusb\Desktop\Invaders\Invaders\Invaders\Bullet.h(26,27): warning C4244: 'argument': conversion from 'T' to 'T', possible loss of data
          with
          [
              T=unsigned int
          ]
          and
          [
              T=float
          ]
C:\Users\agusb\Desktop\Invaders\Invaders\Invaders\Bullet.h(25,27): warning C4244: 'argument': conversion from 'T' to 'T', possible loss of data
          with
          [
              T=unsigned int
          ]
          and
          [
              T=float
          ]
C:\Users\agusb\Desktop\Invaders\Invaders\Invaders\Player.h(43,23): warning C4244: 'argument': conversion from 'T' to 'T', possible loss of data
          with
          [
              T=unsigned int
          ]
          and
          [
              T=float
          ]
C:\Users\agusb\Desktop\Invaders\Invaders\Invaders\Player.h(42,26): warning C4244: 'argument': conversion from 'T' to 'T', possible loss of data
          with
          [
              T=unsigned int
          ]
          and
          [
              T=float
          ]
C:\Users\agusb\Desktop\Invaders\Invaders\Invaders\Player.h(95,41): warning C4244: 'argument': conversion from 'unsigned int' to 'float', possible loss of data
C:\Users\agusb\Desktop\Invaders\Invaders\Invaders\Player.h(95,37): warning C4244: 'argument': conversion from 'int' to 'float', possible loss of data
C:\Users\agusb\Desktop\Invaders\Invaders\Invaders\Player.h(106,20): warning C4244: '-=': conversion from 'float' to 'unsigned int', possible loss of data
C:\Users\agusb\Desktop\Invaders\Invaders\Invaders\Enemy.h(38,27): warning C4244: 'argument': conversion from 'T' to 'T', possible loss of data
          with
          [
              T=unsigned int
          ]
          and
          [
              T=float
          ]
C:\Users\agusb\Desktop\Invaders\Invaders\Invaders\Enemy.h(37,27): warning C4244: 'argument': conversion from 'T' to 'T', possible loss of data
          with
          [
              T=unsigned int
          ]
          and
          [
              T=float
          ]
C:\Users\agusb\Desktop\Invaders\Invaders\Invaders\Enemy.h(75,41): warning C4244: 'argument': conversion from 'unsigned int' to 'float', possible loss of data
C:\Users\agusb\Desktop\Invaders\Invaders\Invaders\Enemy.h(75,37): warning C4244: 'argument': conversion from 'int' to 'float', possible loss of data
C:\Users\agusb\Desktop\Invaders\Invaders\Invaders\Enemy.h(85,21): warning C4244: '-=': conversion from 'float' to 'unsigned int', possible loss of data
C:\Users\agusb\Desktop\Invaders\Invaders\Invaders\Background.h(19,12): warning C4244: 'initializing': conversion from 'T' to 'float', possible loss of data
          with
          [
              T=unsigned int
          ]
C:\Users\agusb\Desktop\Invaders\Invaders\Invaders\Background.h(20,12): warning C4244: 'initializing': conversion from 'T' to 'float', possible loss of data
          with
          [
              T=unsigned int
          ]
C:\Users\agusb\Desktop\Invaders\Invaders\Invaders\Invaders.cpp(24,35): warning C4244: 'argument': conversion from 'int' to 'T', possible loss of data
          with
          [
              T=float
          ]
C:\Users\agusb\Desktop\Invaders\Invaders\Invaders\Invaders.cpp(24,28): warning C4244: 'argument': conversion from 'int' to 'T', possible loss of data
          with
          [
              T=float
          ]
C:\Users\agusb\Desktop\Invaders\Invaders\Invaders\Invaders.cpp(37,11): warning C4244: 'argument': conversion from 'int' to 'T', possible loss of data
          with
          [
              T=float
          ]
C:\Users\agusb\Desktop\Invaders\Invaders\Invaders\Invaders.cpp(36,10): warning C4244: 'argument': conversion from 'int' to 'T', possible loss of data
          with
          [
              T=float
          ]
C:\Users\agusb\Desktop\Invaders\Invaders\Invaders\Invaders.cpp(87,16): warning C4244: 'initializing': conversion from 'int' to 'float', possible loss of data
  Invaders.vcxproj -> C:\Users\agusb\Desktop\Invaders\Invaders\x64\Debug\Invaders.exe
